<?xml version="1.0" encoding="UTF-8"?>
<coverage generated="1728896883615" clover="3.2.0">
  <project timestamp="1728896883615" name="All files">
    <metrics statements="32" coveredstatements="27" conditionals="15" coveredconditionals="11" methods="9" coveredmethods="9" elements="56" coveredelements="47" complexity="0" loc="32" ncloc="32" packages="2" files="2" classes="2"/>
    <package name="components">
      <metrics statements="13" coveredstatements="13" conditionals="5" coveredconditionals="5" methods="3" coveredmethods="3"/>
      <file name="StringCalculator.jsx" path="E:\Rashmi  Workspace\ReactJS\stringCalculator\src\components\StringCalculator.jsx">
        <metrics statements="13" coveredstatements="13" conditionals="5" coveredconditionals="5" methods="3" coveredmethods="3"/>
        <line num="4" count="1" type="stmt"/>
        <line num="5" count="29" type="stmt"/>
        <line num="6" count="29" type="stmt"/>
        <line num="7" count="29" type="stmt"/>
        <line num="9" count="29" type="stmt"/>
        <line num="10" count="10" type="stmt"/>
        <line num="11" count="10" type="stmt"/>
        <line num="12" count="8" type="stmt"/>
        <line num="13" count="8" type="stmt"/>
        <line num="15" count="2" type="stmt"/>
        <line num="16" count="2" type="stmt"/>
        <line num="20" count="29" type="stmt"/>
        <line num="31" count="9" type="stmt"/>
      </file>
    </package>
    <package name="utils">
      <metrics statements="19" coveredstatements="14" conditionals="10" coveredconditionals="6" methods="6" coveredmethods="6"/>
      <file name="stringCalculator.js" path="E:\Rashmi  Workspace\ReactJS\stringCalculator\src\utils\stringCalculator.js">
        <metrics statements="19" coveredstatements="14" conditionals="10" coveredconditionals="6" methods="6" coveredmethods="6"/>
        <line num="1" count="1" type="stmt"/>
        <line num="2" count="10" type="cond" truecount="2" falsecount="0"/>
        <line num="4" count="9" type="stmt"/>
        <line num="5" count="9" type="stmt"/>
        <line num="8" count="9" type="cond" truecount="1" falsecount="1"/>
        <line num="10" count="0" type="stmt"/>
        <line num="11" count="0" type="cond" truecount="0" falsecount="2"/>
        <line num="12" count="0" type="stmt"/>
        <line num="13" count="0" type="stmt"/>
        <line num="14" count="0" type="stmt"/>
        <line num="19" count="9" type="stmt"/>
        <line num="22" count="9" type="stmt"/>
        <line num="24" count="21" type="stmt"/>
        <line num="25" count="21" type="stmt"/>
        <line num="26" count="21" type="stmt"/>
        <line num="29" count="21" type="stmt"/>
        <line num="30" count="9" type="cond" truecount="2" falsecount="0"/>
        <line num="31" count="2" type="stmt"/>
        <line num="35" count="15" type="cond" truecount="1" falsecount="1"/>
      </file>
    </package>
  </project>
</coverage>
