{"E:\\Rashmi  Workspace\\ReactJS\\stringCalculator\\src\\components\\StringCalculator.jsx": {"path":"E:\\Rashmi  Workspace\\ReactJS\\stringCalculator\\src\\components\\StringCalculator.jsx","statementMap":{"0":{"start":{"line":4,"column":25},"end":{"line":70,"column":1}},"1":{"start":{"line":5,"column":28},"end":{"line":5,"column":40}},"2":{"start":{"line":6,"column":30},"end":{"line":6,"column":44}},"3":{"start":{"line":7,"column":28},"end":{"line":7,"column":42}},"4":{"start":{"line":9,"column":26},"end":{"line":18,"column":3}},"5":{"start":{"line":10,"column":4},"end":{"line":17,"column":5}},"6":{"start":{"line":11,"column":18},"end":{"line":11,"column":28}},"7":{"start":{"line":12,"column":6},"end":{"line":12,"column":21}},"8":{"start":{"line":13,"column":6},"end":{"line":13,"column":21}},"9":{"start":{"line":15,"column":6},"end":{"line":15,"column":28}},"10":{"start":{"line":16,"column":6},"end":{"line":16,"column":22}},"11":{"start":{"line":20,"column":2},"end":{"line":69,"column":4}},"12":{"start":{"line":31,"column":27},"end":{"line":31,"column":51}}},"fnMap":{"0":{"name":"(anonymous_0)","decl":{"start":{"line":4,"column":25},"end":{"line":4,"column":26}},"loc":{"start":{"line":4,"column":31},"end":{"line":70,"column":1}},"line":4},"1":{"name":"(anonymous_1)","decl":{"start":{"line":9,"column":26},"end":{"line":9,"column":27}},"loc":{"start":{"line":9,"column":32},"end":{"line":18,"column":3}},"line":9},"2":{"name":"(anonymous_2)","decl":{"start":{"line":31,"column":20},"end":{"line":31,"column":21}},"loc":{"start":{"line":31,"column":27},"end":{"line":31,"column":51}},"line":31}},"branchMap":{"0":{"loc":{"start":{"line":41,"column":7},"end":{"line":43,"column":7}},"type":"binary-expr","locations":[{"start":{"line":41,"column":7},"end":{"line":41,"column":22}},{"start":{"line":41,"column":26},"end":{"line":41,"column":32}},{"start":{"line":42,"column":8},"end":{"line":42,"column":54}}],"line":41},"1":{"loc":{"start":{"line":45,"column":7},"end":{"line":47,"column":7}},"type":"binary-expr","locations":[{"start":{"line":45,"column":7},"end":{"line":45,"column":12}},{"start":{"line":46,"column":8},"end":{"line":46,"column":44}}],"line":45}},"s":{"0":1,"1":29,"2":29,"3":29,"4":29,"5":10,"6":10,"7":8,"8":8,"9":2,"10":2,"11":29,"12":9},"f":{"0":29,"1":10,"2":9},"b":{"0":[29,8,8],"1":[29,2]},"_coverageSchema":"1a1c01bbd47fc00a2c39e90264f33305004495a9","hash":"7fdf01cbb6616232cf9bb52de6d5a688a10fcfb1"}
,"E:\\Rashmi  Workspace\\ReactJS\\stringCalculator\\src\\utils\\stringCalculator.js": {"path":"E:\\Rashmi  Workspace\\ReactJS\\stringCalculator\\src\\utils\\stringCalculator.js","statementMap":{"0":{"start":{"line":1,"column":19},"end":{"line":36,"column":1}},"1":{"start":{"line":2,"column":2},"end":{"line":2,"column":25}},"2":{"start":{"line":2,"column":16},"end":{"line":2,"column":25}},"3":{"start":{"line":4,"column":18},"end":{"line":4,"column":21}},"4":{"start":{"line":5,"column":25},"end":{"line":5,"column":32}},"5":{"start":{"line":8,"column":2},"end":{"line":16,"column":3}},"6":{"start":{"line":10,"column":18},"end":{"line":10,"column":38}},"7":{"start":{"line":11,"column":4},"end":{"line":15,"column":5}},"8":{"start":{"line":12,"column":30},"end":{"line":12,"column":51}},"9":{"start":{"line":13,"column":6},"end":{"line":13,"column":50}},"10":{"start":{"line":14,"column":6},"end":{"line":14,"column":34}},"11":{"start":{"line":19,"column":2},"end":{"line":19,"column":65}},"12":{"start":{"line":22,"column":15},"end":{"line":26,"column":30}},"13":{"start":{"line":24,"column":16},"end":{"line":24,"column":26}},"14":{"start":{"line":25,"column":19},"end":{"line":25,"column":33}},"15":{"start":{"line":26,"column":16},"end":{"line":26,"column":29}},"16":{"start":{"line":29,"column":23},"end":{"line":29,"column":50}},"17":{"start":{"line":29,"column":42},"end":{"line":29,"column":49}},"18":{"start":{"line":30,"column":2},"end":{"line":32,"column":3}},"19":{"start":{"line":31,"column":4},"end":{"line":31,"column":78}},"20":{"start":{"line":35,"column":2},"end":{"line":35,"column":68}},"21":{"start":{"line":35,"column":35},"end":{"line":35,"column":63}}},"fnMap":{"0":{"name":"(anonymous_0)","decl":{"start":{"line":1,"column":19},"end":{"line":1,"column":20}},"loc":{"start":{"line":1,"column":32},"end":{"line":36,"column":1}},"line":1},"1":{"name":"(anonymous_1)","decl":{"start":{"line":24,"column":9},"end":{"line":24,"column":10}},"loc":{"start":{"line":24,"column":16},"end":{"line":24,"column":26}},"line":24},"2":{"name":"(anonymous_2)","decl":{"start":{"line":25,"column":12},"end":{"line":25,"column":13}},"loc":{"start":{"line":25,"column":19},"end":{"line":25,"column":33}},"line":25},"3":{"name":"(anonymous_3)","decl":{"start":{"line":26,"column":9},"end":{"line":26,"column":10}},"loc":{"start":{"line":26,"column":16},"end":{"line":26,"column":29}},"line":26},"4":{"name":"(anonymous_4)","decl":{"start":{"line":29,"column":35},"end":{"line":29,"column":36}},"loc":{"start":{"line":29,"column":42},"end":{"line":29,"column":49}},"line":29},"5":{"name":"(anonymous_5)","decl":{"start":{"line":35,"column":21},"end":{"line":35,"column":22}},"loc":{"start":{"line":35,"column":35},"end":{"line":35,"column":63}},"line":35}},"branchMap":{"0":{"loc":{"start":{"line":2,"column":2},"end":{"line":2,"column":25}},"type":"if","locations":[{"start":{"line":2,"column":2},"end":{"line":2,"column":25}},{"start":{},"end":{}}],"line":2},"1":{"loc":{"start":{"line":8,"column":2},"end":{"line":16,"column":3}},"type":"if","locations":[{"start":{"line":8,"column":2},"end":{"line":16,"column":3}},{"start":{},"end":{}}],"line":8},"2":{"loc":{"start":{"line":11,"column":4},"end":{"line":15,"column":5}},"type":"if","locations":[{"start":{"line":11,"column":4},"end":{"line":15,"column":5}},{"start":{},"end":{}}],"line":11},"3":{"loc":{"start":{"line":30,"column":2},"end":{"line":32,"column":3}},"type":"if","locations":[{"start":{"line":30,"column":2},"end":{"line":32,"column":3}},{"start":{},"end":{}}],"line":30},"4":{"loc":{"start":{"line":35,"column":42},"end":{"line":35,"column":62}},"type":"cond-expr","locations":[{"start":{"line":35,"column":55},"end":{"line":35,"column":56}},{"start":{"line":35,"column":59},"end":{"line":35,"column":62}}],"line":35}},"s":{"0":1,"1":10,"2":1,"3":9,"4":9,"5":9,"6":0,"7":0,"8":0,"9":0,"10":0,"11":9,"12":9,"13":21,"14":21,"15":21,"16":9,"17":21,"18":9,"19":2,"20":7,"21":15},"f":{"0":10,"1":21,"2":21,"3":21,"4":21,"5":15},"b":{"0":[1,9],"1":[0,9],"2":[0,0],"3":[2,7],"4":[0,15]},"_coverageSchema":"1a1c01bbd47fc00a2c39e90264f33305004495a9","hash":"0477227dc4e3b724c5e1149f4c267983589e22af"}
}
