TN:
SF:src\components\StringCalculator.jsx
FN:4,(anonymous_0)
FN:9,(anonymous_1)
FN:31,(anonymous_2)
FNF:3
FNH:3
FNDA:29,(anonymous_0)
FNDA:10,(anonymous_1)
FNDA:9,(anonymous_2)
DA:4,1
DA:5,29
DA:6,29
DA:7,29
DA:9,29
DA:10,10
DA:11,10
DA:12,8
DA:13,8
DA:15,2
DA:16,2
DA:20,29
DA:31,9
LF:13
LH:13
BRDA:41,0,0,29
BRDA:41,0,1,8
BRDA:41,0,2,8
BRDA:45,1,0,29
BRDA:45,1,1,2
BRF:5
BRH:5
end_of_record
TN:
SF:src\utils\stringCalculator.js
FN:1,(anonymous_0)
FN:24,(anonymous_1)
FN:25,(anonymous_2)
FN:26,(anonymous_3)
FN:29,(anonymous_4)
FN:35,(anonymous_5)
FNF:6
FNH:6
FNDA:10,(anonymous_0)
FNDA:21,(anonymous_1)
FNDA:21,(anonymous_2)
FNDA:21,(anonymous_3)
FNDA:21,(anonymous_4)
FNDA:15,(anonymous_5)
DA:1,1
DA:2,10
DA:4,9
DA:5,9
DA:8,9
DA:10,0
DA:11,0
DA:12,0
DA:13,0
DA:14,0
DA:19,9
DA:22,9
DA:24,21
DA:25,21
DA:26,21
DA:29,21
DA:30,9
DA:31,2
DA:35,15
LF:19
LH:14
BRDA:2,0,0,1
BRDA:2,0,1,9
BRDA:8,1,0,0
BRDA:8,1,1,9
BRDA:11,2,0,0
BRDA:11,2,1,0
BRDA:30,3,0,2
BRDA:30,3,1,7
BRDA:35,4,0,0
BRDA:35,4,1,15
BRF:10
BRH:6
end_of_record
